2025-06-02T06:13:49: ERROR 💥 Error: The CORS policy for this site does not allow access from the specified Origin.
    at origin (/home/ec2-user/Task-Manager/app.js:20:23)
    at /home/ec2-user/Task-Manager/node_modules/cors/lib/index.js:219:13
    at optionsCallback (/home/ec2-user/Task-Manager/node_modules/cors/lib/index.js:199:9)
    at corsMiddleware (/home/ec2-user/Task-Manager/node_modules/cors/lib/index.js:204:7)
    at Layer.handle [as handle_request] (/home/ec2-user/Task-Manager/node_modules/express/lib/router/layer.js:95:5)
    at trim_prefix (/home/ec2-user/Task-Manager/node_modules/express/lib/router/index.js:328:13)
    at /home/ec2-user/Task-Manager/node_modules/express/lib/router/index.js:286:9
    at Function.process_params (/home/ec2-user/Task-Manager/node_modules/express/lib/router/index.js:346:12)
    at next (/home/ec2-user/Task-Manager/node_modules/express/lib/router/index.js:280:10)
    at expressInit (/home/ec2-user/Task-Manager/node_modules/express/lib/middleware/init.js:40:5) {
  statusCode: 500,
  status: 'error'
}
2025-06-02T06:13:59: ERROR 💥 Error: The CORS policy for this site does not allow access from the specified Origin.
    at origin (/home/ec2-user/Task-Manager/app.js:20:23)
    at /home/ec2-user/Task-Manager/node_modules/cors/lib/index.js:219:13
    at optionsCallback (/home/ec2-user/Task-Manager/node_modules/cors/lib/index.js:199:9)
    at corsMiddleware (/home/ec2-user/Task-Manager/node_modules/cors/lib/index.js:204:7)
    at Layer.handle [as handle_request] (/home/ec2-user/Task-Manager/node_modules/express/lib/router/layer.js:95:5)
    at trim_prefix (/home/ec2-user/Task-Manager/node_modules/express/lib/router/index.js:328:13)
    at /home/ec2-user/Task-Manager/node_modules/express/lib/router/index.js:286:9
    at Function.process_params (/home/ec2-user/Task-Manager/node_modules/express/lib/router/index.js:346:12)
    at next (/home/ec2-user/Task-Manager/node_modules/express/lib/router/index.js:280:10)
    at expressInit (/home/ec2-user/Task-Manager/node_modules/express/lib/middleware/init.js:40:5) {
  statusCode: 500,
  status: 'error'
}
2025-06-02T06:14:00: ERROR 💥 Error: The CORS policy for this site does not allow access from the specified Origin.
    at origin (/home/ec2-user/Task-Manager/app.js:20:23)
    at /home/ec2-user/Task-Manager/node_modules/cors/lib/index.js:219:13
    at optionsCallback (/home/ec2-user/Task-Manager/node_modules/cors/lib/index.js:199:9)
    at corsMiddleware (/home/ec2-user/Task-Manager/node_modules/cors/lib/index.js:204:7)
    at Layer.handle [as handle_request] (/home/ec2-user/Task-Manager/node_modules/express/lib/router/layer.js:95:5)
    at trim_prefix (/home/ec2-user/Task-Manager/node_modules/express/lib/router/index.js:328:13)
    at /home/ec2-user/Task-Manager/node_modules/express/lib/router/index.js:286:9
    at Function.process_params (/home/ec2-user/Task-Manager/node_modules/express/lib/router/index.js:346:12)
    at next (/home/ec2-user/Task-Manager/node_modules/express/lib/router/index.js:280:10)
    at expressInit (/home/ec2-user/Task-Manager/node_modules/express/lib/middleware/init.js:40:5) {
  statusCode: 500,
  status: 'error'
}
2025-06-02T06:14:00: ERROR 💥 Error: The CORS policy for this site does not allow access from the specified Origin.
    at origin (/home/ec2-user/Task-Manager/app.js:20:23)
    at /home/ec2-user/Task-Manager/node_modules/cors/lib/index.js:219:13
    at optionsCallback (/home/ec2-user/Task-Manager/node_modules/cors/lib/index.js:199:9)
    at corsMiddleware (/home/ec2-user/Task-Manager/node_modules/cors/lib/index.js:204:7)
    at Layer.handle [as handle_request] (/home/ec2-user/Task-Manager/node_modules/express/lib/router/layer.js:95:5)
    at trim_prefix (/home/ec2-user/Task-Manager/node_modules/express/lib/router/index.js:328:13)
    at /home/ec2-user/Task-Manager/node_modules/express/lib/router/index.js:286:9
    at Function.process_params (/home/ec2-user/Task-Manager/node_modules/express/lib/router/index.js:346:12)
    at next (/home/ec2-user/Task-Manager/node_modules/express/lib/router/index.js:280:10)
    at expressInit (/home/ec2-user/Task-Manager/node_modules/express/lib/middleware/init.js:40:5) {
  statusCode: 500,
  status: 'error'
}
2025-06-02T06:14:01: ERROR 💥 Error: The CORS policy for this site does not allow access from the specified Origin.
    at origin (/home/ec2-user/Task-Manager/app.js:20:23)
    at /home/ec2-user/Task-Manager/node_modules/cors/lib/index.js:219:13
    at optionsCallback (/home/ec2-user/Task-Manager/node_modules/cors/lib/index.js:199:9)
    at corsMiddleware (/home/ec2-user/Task-Manager/node_modules/cors/lib/index.js:204:7)
    at Layer.handle [as handle_request] (/home/ec2-user/Task-Manager/node_modules/express/lib/router/layer.js:95:5)
    at trim_prefix (/home/ec2-user/Task-Manager/node_modules/express/lib/router/index.js:328:13)
    at /home/ec2-user/Task-Manager/node_modules/express/lib/router/index.js:286:9
    at Function.process_params (/home/ec2-user/Task-Manager/node_modules/express/lib/router/index.js:346:12)
    at next (/home/ec2-user/Task-Manager/node_modules/express/lib/router/index.js:280:10)
    at expressInit (/home/ec2-user/Task-Manager/node_modules/express/lib/middleware/init.js:40:5) {
  statusCode: 500,
  status: 'error'
}
2025-06-02T06:14:02: ERROR 💥 Error: The CORS policy for this site does not allow access from the specified Origin.
    at origin (/home/ec2-user/Task-Manager/app.js:20:23)
    at /home/ec2-user/Task-Manager/node_modules/cors/lib/index.js:219:13
    at optionsCallback (/home/ec2-user/Task-Manager/node_modules/cors/lib/index.js:199:9)
    at corsMiddleware (/home/ec2-user/Task-Manager/node_modules/cors/lib/index.js:204:7)
    at Layer.handle [as handle_request] (/home/ec2-user/Task-Manager/node_modules/express/lib/router/layer.js:95:5)
    at trim_prefix (/home/ec2-user/Task-Manager/node_modules/express/lib/router/index.js:328:13)
    at /home/ec2-user/Task-Manager/node_modules/express/lib/router/index.js:286:9
    at Function.process_params (/home/ec2-user/Task-Manager/node_modules/express/lib/router/index.js:346:12)
    at next (/home/ec2-user/Task-Manager/node_modules/express/lib/router/index.js:280:10)
    at expressInit (/home/ec2-user/Task-Manager/node_modules/express/lib/middleware/init.js:40:5) {
  statusCode: 500,
  status: 'error'
}
2025-06-02T06:14:02: ERROR 💥 Error: The CORS policy for this site does not allow access from the specified Origin.
    at origin (/home/ec2-user/Task-Manager/app.js:20:23)
    at /home/ec2-user/Task-Manager/node_modules/cors/lib/index.js:219:13
    at optionsCallback (/home/ec2-user/Task-Manager/node_modules/cors/lib/index.js:199:9)
    at corsMiddleware (/home/ec2-user/Task-Manager/node_modules/cors/lib/index.js:204:7)
    at Layer.handle [as handle_request] (/home/ec2-user/Task-Manager/node_modules/express/lib/router/layer.js:95:5)
    at trim_prefix (/home/ec2-user/Task-Manager/node_modules/express/lib/router/index.js:328:13)
    at /home/ec2-user/Task-Manager/node_modules/express/lib/router/index.js:286:9
    at Function.process_params (/home/ec2-user/Task-Manager/node_modules/express/lib/router/index.js:346:12)
    at next (/home/ec2-user/Task-Manager/node_modules/express/lib/router/index.js:280:10)
    at expressInit (/home/ec2-user/Task-Manager/node_modules/express/lib/middleware/init.js:40:5) {
  statusCode: 500,
  status: 'error'
}
2025-06-02T06:14:08: ERROR 💥 Error: The CORS policy for this site does not allow access from the specified Origin.
    at origin (/home/ec2-user/Task-Manager/app.js:20:23)
    at /home/ec2-user/Task-Manager/node_modules/cors/lib/index.js:219:13
    at optionsCallback (/home/ec2-user/Task-Manager/node_modules/cors/lib/index.js:199:9)
    at corsMiddleware (/home/ec2-user/Task-Manager/node_modules/cors/lib/index.js:204:7)
    at Layer.handle [as handle_request] (/home/ec2-user/Task-Manager/node_modules/express/lib/router/layer.js:95:5)
    at trim_prefix (/home/ec2-user/Task-Manager/node_modules/express/lib/router/index.js:328:13)
    at /home/ec2-user/Task-Manager/node_modules/express/lib/router/index.js:286:9
    at Function.process_params (/home/ec2-user/Task-Manager/node_modules/express/lib/router/index.js:346:12)
    at next (/home/ec2-user/Task-Manager/node_modules/express/lib/router/index.js:280:10)
    at expressInit (/home/ec2-user/Task-Manager/node_modules/express/lib/middleware/init.js:40:5) {
  statusCode: 500,
  status: 'error'
}
2025-06-02T06:14:09: ERROR 💥 Error: The CORS policy for this site does not allow access from the specified Origin.
    at origin (/home/ec2-user/Task-Manager/app.js:20:23)
    at /home/ec2-user/Task-Manager/node_modules/cors/lib/index.js:219:13
    at optionsCallback (/home/ec2-user/Task-Manager/node_modules/cors/lib/index.js:199:9)
    at corsMiddleware (/home/ec2-user/Task-Manager/node_modules/cors/lib/index.js:204:7)
    at Layer.handle [as handle_request] (/home/ec2-user/Task-Manager/node_modules/express/lib/router/layer.js:95:5)
    at trim_prefix (/home/ec2-user/Task-Manager/node_modules/express/lib/router/index.js:328:13)
    at /home/ec2-user/Task-Manager/node_modules/express/lib/router/index.js:286:9
    at Function.process_params (/home/ec2-user/Task-Manager/node_modules/express/lib/router/index.js:346:12)
    at next (/home/ec2-user/Task-Manager/node_modules/express/lib/router/index.js:280:10)
    at expressInit (/home/ec2-user/Task-Manager/node_modules/express/lib/middleware/init.js:40:5) {
  statusCode: 500,
  status: 'error'
}
2025-06-02T06:14:25: ERROR 💥 Error: The CORS policy for this site does not allow access from the specified Origin.
    at origin (/home/ec2-user/Task-Manager/app.js:20:23)
    at /home/ec2-user/Task-Manager/node_modules/cors/lib/index.js:219:13
    at optionsCallback (/home/ec2-user/Task-Manager/node_modules/cors/lib/index.js:199:9)
    at corsMiddleware (/home/ec2-user/Task-Manager/node_modules/cors/lib/index.js:204:7)
    at Layer.handle [as handle_request] (/home/ec2-user/Task-Manager/node_modules/express/lib/router/layer.js:95:5)
    at trim_prefix (/home/ec2-user/Task-Manager/node_modules/express/lib/router/index.js:328:13)
    at /home/ec2-user/Task-Manager/node_modules/express/lib/router/index.js:286:9
    at Function.process_params (/home/ec2-user/Task-Manager/node_modules/express/lib/router/index.js:346:12)
    at next (/home/ec2-user/Task-Manager/node_modules/express/lib/router/index.js:280:10)
    at expressInit (/home/ec2-user/Task-Manager/node_modules/express/lib/middleware/init.js:40:5) {
  statusCode: 500,
  status: 'error'
}
2025-06-02T06:14:38: ERROR 💥 Error: The CORS policy for this site does not allow access from the specified Origin.
    at origin (/home/ec2-user/Task-Manager/app.js:20:23)
    at /home/ec2-user/Task-Manager/node_modules/cors/lib/index.js:219:13
    at optionsCallback (/home/ec2-user/Task-Manager/node_modules/cors/lib/index.js:199:9)
    at corsMiddleware (/home/ec2-user/Task-Manager/node_modules/cors/lib/index.js:204:7)
    at Layer.handle [as handle_request] (/home/ec2-user/Task-Manager/node_modules/express/lib/router/layer.js:95:5)
    at trim_prefix (/home/ec2-user/Task-Manager/node_modules/express/lib/router/index.js:328:13)
    at /home/ec2-user/Task-Manager/node_modules/express/lib/router/index.js:286:9
    at Function.process_params (/home/ec2-user/Task-Manager/node_modules/express/lib/router/index.js:346:12)
    at next (/home/ec2-user/Task-Manager/node_modules/express/lib/router/index.js:280:10)
    at expressInit (/home/ec2-user/Task-Manager/node_modules/express/lib/middleware/init.js:40:5) {
  statusCode: 500,
  status: 'error'
}
2025-06-02T06:17:30: ERROR 💥 Error: The CORS policy for this site does not allow access from the specified Origin.
    at origin (/home/ec2-user/Task-Manager/app.js:20:23)
    at /home/ec2-user/Task-Manager/node_modules/cors/lib/index.js:219:13
    at optionsCallback (/home/ec2-user/Task-Manager/node_modules/cors/lib/index.js:199:9)
    at corsMiddleware (/home/ec2-user/Task-Manager/node_modules/cors/lib/index.js:204:7)
    at Layer.handle [as handle_request] (/home/ec2-user/Task-Manager/node_modules/express/lib/router/layer.js:95:5)
    at trim_prefix (/home/ec2-user/Task-Manager/node_modules/express/lib/router/index.js:328:13)
    at /home/ec2-user/Task-Manager/node_modules/express/lib/router/index.js:286:9
    at Function.process_params (/home/ec2-user/Task-Manager/node_modules/express/lib/router/index.js:346:12)
    at next (/home/ec2-user/Task-Manager/node_modules/express/lib/router/index.js:280:10)
    at expressInit (/home/ec2-user/Task-Manager/node_modules/express/lib/middleware/init.js:40:5) {
  statusCode: 500,
  status: 'error'
}
2025-06-02T06:26:29: ERROR 💥 Error: The CORS policy for this site does not allow access from the specified Origin.
    at origin (/home/ec2-user/Task-Manager/app.js:20:23)
    at /home/ec2-user/Task-Manager/node_modules/cors/lib/index.js:219:13
    at optionsCallback (/home/ec2-user/Task-Manager/node_modules/cors/lib/index.js:199:9)
    at corsMiddleware (/home/ec2-user/Task-Manager/node_modules/cors/lib/index.js:204:7)
    at Layer.handle [as handle_request] (/home/ec2-user/Task-Manager/node_modules/express/lib/router/layer.js:95:5)
    at trim_prefix (/home/ec2-user/Task-Manager/node_modules/express/lib/router/index.js:328:13)
    at /home/ec2-user/Task-Manager/node_modules/express/lib/router/index.js:286:9
    at Function.process_params (/home/ec2-user/Task-Manager/node_modules/express/lib/router/index.js:346:12)
    at next (/home/ec2-user/Task-Manager/node_modules/express/lib/router/index.js:280:10)
    at expressInit (/home/ec2-user/Task-Manager/node_modules/express/lib/middleware/init.js:40:5) {
  statusCode: 500,
  status: 'error'
}
2025-06-02T06:31:00: ValidationError: The 'X-Forwarded-For' header is set but the Express 'trust proxy' setting is false (default). This could indicate a misconfiguration which would prevent express-rate-limit from accurately identifying users. See https://express-rate-limit.github.io/ERR_ERL_UNEXPECTED_X_FORWARDED_FOR/ for more information.
    at Object.xForwardedForHeader (/home/ec2-user/Task-Manager/node_modules/express-rate-limit/dist/index.cjs:187:13)
    at wrappedValidations.<computed> [as xForwardedForHeader] (/home/ec2-user/Task-Manager/node_modules/express-rate-limit/dist/index.cjs:398:22)
    at Object.keyGenerator (/home/ec2-user/Task-Manager/node_modules/express-rate-limit/dist/index.cjs:671:20)
    at /home/ec2-user/Task-Manager/node_modules/express-rate-limit/dist/index.cjs:724:32
    at process.processTicksAndRejections (node:internal/process/task_queues:95:5)
    at async /home/ec2-user/Task-Manager/node_modules/express-rate-limit/dist/index.cjs:704:5 {
  code: 'ERR_ERL_UNEXPECTED_X_FORWARDED_FOR',
  help: 'https://express-rate-limit.github.io/ERR_ERL_UNEXPECTED_X_FORWARDED_FOR/'
}
2025-06-02T08:52:52: ValidationError: The 'X-Forwarded-For' header is set but the Express 'trust proxy' setting is false (default). This could indicate a misconfiguration which would prevent express-rate-limit from accurately identifying users. See https://express-rate-limit.github.io/ERR_ERL_UNEXPECTED_X_FORWARDED_FOR/ for more information.
    at Object.xForwardedForHeader (/home/ec2-user/Task-Manager/node_modules/express-rate-limit/dist/index.cjs:187:13)
    at wrappedValidations.<computed> [as xForwardedForHeader] (/home/ec2-user/Task-Manager/node_modules/express-rate-limit/dist/index.cjs:398:22)
    at Object.keyGenerator (/home/ec2-user/Task-Manager/node_modules/express-rate-limit/dist/index.cjs:671:20)
    at /home/ec2-user/Task-Manager/node_modules/express-rate-limit/dist/index.cjs:724:32
    at async /home/ec2-user/Task-Manager/node_modules/express-rate-limit/dist/index.cjs:704:5 {
  code: 'ERR_ERL_UNEXPECTED_X_FORWARDED_FOR',
  help: 'https://express-rate-limit.github.io/ERR_ERL_UNEXPECTED_X_FORWARDED_FOR/'
}
